<?xml version="1.0" encoding="UTF-8"?>
<testng-results ignored="0" total="1" passed="1" failed="0" skipped="0">
  <reporter-output>
    <line>
      <![CDATA[open browser]]>
    </line>
    <line>
      <![CDATA[open browser]]>
    </line>
  </reporter-output>
  <suite started-at="2024-02-28T20:11:25 IST" name="Default suite" finished-at="2024-02-28T20:11:25 IST" duration-ms="79">
    <groups>
    </groups>
    <test started-at="2024-02-28T20:11:25 IST" name="Default test" finished-at="2024-02-28T20:11:25 IST" duration-ms="79">
      <class name="log.CreatLog">
        <test-method signature="createLog()[pri:0, instance:log.CreatLog@614ca7df]" started-at="2024-02-28T20:11:25 IST" name="createLog" finished-at="2024-02-28T20:11:25 IST" duration-ms="15" status="PASS">
          <reporter-output>
            <line>
              <![CDATA[open browser]]>
            </line>
            <line>
              <![CDATA[open browser]]>
            </line>
          </reporter-output>
        </test-method> <!-- createLog -->
      </class> <!-- log.CreatLog -->
    </test> <!-- Default test -->
  </suite> <!-- Default suite -->
</testng-results>
