<?xml version="1.0" encoding="UTF-8"?>
<testng-results ignored="0" total="1" passed="1" failed="0" skipped="0">
  <reporter-output>
  </reporter-output>
  <suite started-at="2024-03-04T04:51:45 IST" name="Default suite" finished-at="2024-03-04T04:51:52 IST" duration-ms="7016">
    <groups>
    </groups>
    <test started-at="2024-03-04T04:51:45 IST" name="Default test" finished-at="2024-03-04T04:51:52 IST" duration-ms="7016">
      <class name="com.Test_Class_Package.TC001_verify_Title_Of_Page">
        <test-method is-config="true" signature="extendReportSetup()[pri:0, instance:com.Test_Class_Package.TC001_verify_Title_Of_Page@4145bad8]" started-at="2024-03-04T04:51:45 IST" name="extendReportSetup" finished-at="2024-03-04T04:51:46 IST" duration-ms="547" status="PASS">
          <reporter-output>
          </reporter-output>
        </test-method> <!-- extendReportSetup -->
        <test-method is-config="true" signature="setUp()[pri:0, instance:com.Test_Class_Package.TC001_verify_Title_Of_Page@4145bad8]" started-at="2024-03-04T04:51:46 IST" name="setUp" finished-at="2024-03-04T04:51:50 IST" duration-ms="4783" status="PASS">
          <reporter-output>
          </reporter-output>
        </test-method> <!-- setUp -->
        <test-method signature="VeifyTitleOfPage()[pri:0, instance:com.Test_Class_Package.TC001_verify_Title_Of_Page@4145bad8]" started-at="2024-03-04T04:51:50 IST" name="VeifyTitleOfPage" finished-at="2024-03-04T04:51:50 IST" duration-ms="48" status="PASS">
          <reporter-output>
          </reporter-output>
        </test-method> <!-- VeifyTitleOfPage -->
        <test-method is-config="true" signature="tearDown(org.testng.ITestResult)[pri:0, instance:com.Test_Class_Package.TC001_verify_Title_Of_Page@4145bad8]" started-at="2024-03-04T04:51:50 IST" name="tearDown" finished-at="2024-03-04T04:51:51 IST" duration-ms="507" status="PASS">
          <params>
            <param index="0">
              <value>
                <![CDATA[[TestResult name=VeifyTitleOfPage status=SUCCESS method=TC001_verify_Title_Of_Page.VeifyTitleOfPage()[pri:0, instance:com.Test_Class_Package.TC001_verify_Title_Of_Page@4145bad8] output={null}]]]>
              </value>
            </param>
          </params>
          <reporter-output>
          </reporter-output>
        </test-method> <!-- tearDown -->
        <test-method is-config="true" signature="extendReportTearDown()[pri:0, instance:com.Test_Class_Package.TC001_verify_Title_Of_Page@4145bad8]" started-at="2024-03-04T04:51:51 IST" name="extendReportTearDown" finished-at="2024-03-04T04:51:52 IST" duration-ms="1069" status="PASS">
          <reporter-output>
          </reporter-output>
        </test-method> <!-- extendReportTearDown -->
      </class> <!-- com.Test_Class_Package.TC001_verify_Title_Of_Page -->
    </test> <!-- Default test -->
  </suite> <!-- Default suite -->
</testng-results>
